TN:
SF:src\lib\DidController.ts
FN:6,<instance_members_initializer>
FN:8,DIDController
FN:13,toJSON
FN:24,fromJSON
FNF:4
FNH:3
FNDA:1,<instance_members_initializer>
FNDA:1,DIDController
FNDA:1,toJSON
FNDA:0,fromJSON
DA:1,1
DA:2,1
DA:3,1
DA:4,1
DA:5,1
DA:6,1
DA:7,1
DA:8,1
DA:9,1
DA:10,1
DA:11,1
DA:12,1
DA:13,1
DA:14,1
DA:15,1
DA:16,1
DA:17,0
DA:18,1
DA:19,1
DA:20,1
DA:21,1
DA:22,1
DA:23,1
DA:24,1
DA:25,0
DA:26,0
DA:27,0
DA:28,0
DA:29,0
DA:30,0
DA:31,1
DA:32,1
LF:32
LH:25
BRDA:6,0,0,1
BRDA:8,1,0,1
BRDA:13,2,0,1
BRDA:16,3,0,0
BRF:4
BRH:3
end_of_record
TN:
SF:src\lib\DidEntity.ts
FN:8,deserialize
FN:28,toString
FN:32,serialize
FN:40,clone
FNF:4
FNH:0
FNDA:0,deserialize
FNDA:0,toString
FNDA:0,serialize
FNDA:0,clone
DA:1,1
DA:2,1
DA:3,1
DA:4,1
DA:5,1
DA:6,1
DA:7,1
DA:8,1
DA:9,0
DA:10,0
DA:11,0
DA:12,0
DA:13,0
DA:14,0
DA:15,0
DA:16,0
DA:17,0
DA:18,0
DA:19,0
DA:20,0
DA:21,0
DA:22,0
DA:23,0
DA:24,0
DA:25,0
DA:26,0
DA:27,1
DA:28,1
DA:29,0
DA:30,0
DA:31,1
DA:32,1
DA:33,0
DA:34,0
DA:35,0
DA:36,0
DA:37,0
DA:38,0
DA:39,1
DA:40,1
DA:41,0
DA:42,0
DA:43,0
DA:44,0
DA:45,1
LF:45
LH:15
BRF:0
BRH:0
end_of_record
TN:
SF:src\lib\Utils.ts
FN:3,checkArgument
FN:8,checkEmpty
FN:12,checkNotNull
FN:18,isEmpty
FN:22,base64Decode
FN:26,base64Encode
FNF:6
FNH:0
FNDA:0,checkArgument
FNDA:0,checkEmpty
FNDA:0,checkNotNull
FNDA:0,isEmpty
FNDA:0,base64Decode
FNDA:0,base64Encode
DA:1,1
DA:2,1
DA:3,0
DA:4,0
DA:5,0
DA:6,0
DA:7,1
DA:8,0
DA:9,0
DA:10,0
DA:11,1
DA:12,0
DA:13,0
DA:14,0
DA:15,0
DA:16,0
DA:17,1
DA:18,0
DA:19,0
DA:20,0
DA:21,1
DA:22,0
DA:23,0
DA:24,0
DA:25,1
DA:26,0
DA:27,0
DA:28,0
LF:28
LH:7
BRF:0
BRH:0
end_of_record
