TN:
SF:src\lib\DidController.ts
FN:5,<instance_members_initializer>
FN:7,DIDController
FN:12,toJSON
FN:23,fromJSON
FNF:4
FNH:3
FNDA:1,<instance_members_initializer>
FNDA:1,DIDController
FNDA:1,toJSON
FNDA:0,fromJSON
DA:1,1
DA:2,1
DA:3,1
DA:4,1
DA:5,1
DA:6,1
DA:7,1
DA:8,1
DA:9,1
DA:10,1
DA:11,1
DA:12,1
DA:13,1
DA:14,1
DA:15,1
DA:16,0
DA:17,1
DA:18,1
DA:19,1
DA:20,1
DA:21,1
DA:22,1
DA:23,1
DA:24,0
DA:25,0
DA:26,0
DA:27,0
DA:28,0
DA:29,0
DA:30,1
LF:30
LH:23
BRDA:5,0,0,1
BRDA:7,1,0,1
BRDA:12,2,0,1
BRDA:15,3,0,0
BRF:4
BRH:3
end_of_record
TN:
SF:src\lib\DidEntity.ts
FN:8,deserialize
FN:28,toString
FN:32,serialize
FN:40,clone
FNF:4
FNH:0
FNDA:0,deserialize
FNDA:0,toString
FNDA:0,serialize
FNDA:0,clone
DA:1,1
DA:2,1
DA:3,1
DA:4,1
DA:5,1
DA:6,1
DA:7,1
DA:8,1
DA:9,0
DA:10,0
DA:11,0
DA:12,0
DA:13,0
DA:14,0
DA:15,0
DA:16,0
DA:17,0
DA:18,0
DA:19,0
DA:20,0
DA:21,0
DA:22,0
DA:23,0
DA:24,0
DA:25,0
DA:26,0
DA:27,1
DA:28,1
DA:29,0
DA:30,0
DA:31,1
DA:32,1
DA:33,0
DA:34,0
DA:35,0
DA:36,0
DA:37,0
DA:38,0
DA:39,1
DA:40,1
DA:41,0
DA:42,0
DA:43,0
DA:44,0
DA:45,1
LF:45
LH:15
BRF:0
BRH:0
end_of_record
TN:
SF:src\lib\Utils.ts
FN:3,checkArgument
FN:7,checkEmpty
FN:11,checkNotNull
FN:17,isEmpty
FN:21,base64Decode
FN:25,base64Encode
FN:29,hashCodeFromString
FN:40,hashCode
FNF:8
FNH:0
FNDA:0,checkArgument
FNDA:0,checkEmpty
FNDA:0,checkNotNull
FNDA:0,isEmpty
FNDA:0,base64Decode
FNDA:0,base64Encode
FNDA:0,hashCodeFromString
FNDA:0,hashCode
DA:1,1
DA:2,1
DA:3,0
DA:4,0
DA:5,0
DA:6,1
DA:7,0
DA:8,0
DA:9,0
DA:10,1
DA:11,0
DA:12,0
DA:13,0
DA:14,0
DA:15,0
DA:16,1
DA:17,0
DA:18,0
DA:19,0
DA:20,1
DA:21,0
DA:22,0
DA:23,0
DA:24,1
DA:25,0
DA:26,0
DA:27,0
DA:28,1
DA:29,0
DA:30,0
DA:31,0
DA:32,0
DA:33,0
DA:34,0
DA:35,0
DA:36,0
DA:37,0
DA:38,0
DA:39,0
DA:40,0
DA:41,0
DA:42,0
DA:43,0
DA:44,0
LF:44
LH:8
BRF:0
BRH:0
end_of_record
